#
# A fatal error has been detected by the Java Runtime Environment:
#
#  EXCEPTION_ACCESS_VIOLATION (0xc0000005) at pc=0x000000006f978855, pid=12940, tid=2016
#
# JRE version: Java(TM) SE Runtime Environment (8.0_65-b17) (build 1.8.0_65-b17)
# Java VM: Java HotSpot(TM) 64-Bit Server VM (25.65-b01 mixed mode windows-amd64 compressed oops)
# Problematic frame:
# V  [jvm.dll+0x128855]
#
# Failed to write core dump. Minidumps are not enabled by default on client versions of Windows
#
# If you would like to submit a bug report, please visit:
#   http://bugreport.java.com/bugreport/crash.jsp
#

---------------  T H R E A D  ---------------

Current thread (0x0000000017bbb800):  JavaThread "JDWP Transport Listener: dt_socket" daemon [_thread_in_vm, id=2016, stack(0x0000000019240000,0x0000000019340000)]

siginfo: ExceptionCode=0xc0000005, reading address 0xffffffffffffffff

Registers:
RAX=0x000000001933f401, RBX=0x0000000017bbb800, RCX=0x2800016d61650000, RDX=0x0000000000000000
RSP=0x000000001933f3d0, RBP=0x2800016d61650000, RSI=0x000000001933f4e8, RDI=0x0000000002da83a0
R8 =0x0000000017bbb800, R9 =0x0000000000008000, R10=0x0000000000000000, R11=0x0000000019dcb9b8
R12=0x0000000000000000, R13=0x0000000017bc5878, R14=0x0000000000000000, R15=0x0000000000000000
RIP=0x000000006f978855, EFLAGS=0x0000000000010206

Top of Stack: (sp=0x000000001933f3d0)
0x000000001933f3d0:   0000000017bbb800 0000000017bbb800
0x000000001933f3e0:   000000001933f498 000000006fb7e19b
0x000000001933f3f0:   0000000017bbb800 000000006fb9a9fd
0x000000001933f400:   0000000000000000 000000006e9f9155
0x000000001933f410:   000000001a354cc8 000000006ea0291e
0x000000001933f420:   0000000017bbb800 0000000000000000
0x000000001933f430:   0000000000000000 0000000000000000
0x000000001933f440:   2800016d61650000 000000006ea01a15
0x000000001933f450:   000000001933f4e8 000000001933f4c0
0x000000001933f460:   0000000000000001 000000001a354cc8
0x000000001933f470:   2800016d61650000 000000006e9e53b3
0x000000001933f480:   000000001933f5b0 0000000000000001
0x000000001933f490:   0000000000000001 000000001a354cc8
0x000000001933f4a0:   000000000000000a 0000000000000000
0x000000001933f4b0:   0000000000000000 0000000000000000
0x000000001933f4c0:   0000000000000001 000000006e9e5571 

Instructions: (pc=0x000000006f978855)
0x000000006f978835:   cc cc cc cc cc cc cc cc cc cc cc 48 83 ec 28 48
0x000000006f978845:   85 c9 75 07 33 c0 48 83 c4 28 c3 48 89 5c 24 20
0x000000006f978855:   48 8b 19 48 85 db 74 20 48 83 fb 37 74 1a 48 8b
0x000000006f978865:   13 48 8b cb ff 52 10 84 c0 74 0d 48 8b c3 48 8b 


Register to memory mapping:

RAX=0x000000001933f401 is pointing into the stack for thread: 0x0000000017bbb800
RBX=0x0000000017bbb800 is a thread
RCX=0x2800016d61650000 is an unknown value
RDX=0x0000000000000000 is an unknown value
RSP=0x000000001933f3d0 is pointing into the stack for thread: 0x0000000017bbb800
RBP=0x2800016d61650000 is an unknown value
RSI=0x000000001933f4e8 is pointing into the stack for thread: 0x0000000017bbb800
RDI=0x0000000002da83a0 is an unknown value
R8 =0x0000000017bbb800 is a thread
R9 =0x0000000000008000 is an unknown value
R10=0x0000000000000000 is an unknown value
R11=0x0000000019dcb9b8 is an unknown value
R12=0x0000000000000000 is an unknown value
R13=0x0000000017bc5878 is an unknown value
R14=0x0000000000000000 is an unknown value
R15=0x0000000000000000 is an unknown value


Stack: [0x0000000019240000,0x0000000019340000],  sp=0x000000001933f3d0,  free space=1020k
Native frames: (J=compiled Java code, j=interpreted, Vv=VM code, C=native code)
V  [jvm.dll+0x128855]
V  [jvm.dll+0x34a9fd]
C  [jdwp.dll+0x21a15]
C  [jdwp.dll+0x53b3]
C  [jdwp.dll+0x5571]
C  [jdwp.dll+0xf0a8]
C  [jdwp.dll+0x1f2d5]
C  [jdwp.dll+0x1f4aa]
V  [jvm.dll+0x1bb8f8]
V  [jvm.dll+0x243144]
V  [jvm.dll+0x299f7a]
C  [msvcr100.dll+0x21d9f]
C  [msvcr100.dll+0x21e3b]
C  [KERNEL32.DLL+0x8364]
C  [ntdll.dll+0x670d1]


---------------  P R O C E S S  ---------------

Java Threads: ( => current thread )
  0x0000000017c0e800 JavaThread "Service Thread" daemon [_thread_blocked, id=8800, stack(0x0000000019f90000,0x000000001a090000)]
  0x0000000017bf5800 JavaThread "C1 CompilerThread2" daemon [_thread_blocked, id=13488, stack(0x0000000019a90000,0x0000000019b90000)]
  0x0000000017bf4000 JavaThread "C2 CompilerThread1" daemon [_thread_blocked, id=13848, stack(0x0000000019990000,0x0000000019a90000)]
  0x0000000017be6800 JavaThread "C2 CompilerThread0" daemon [_thread_blocked, id=13768, stack(0x0000000019890000,0x0000000019990000)]
  0x0000000017bce800 JavaThread "JDWP Command Reader" daemon [_thread_in_native, id=3656, stack(0x0000000019790000,0x0000000019890000)]
  0x0000000017bc9000 JavaThread "JDWP Event Helper Thread" daemon [_thread_blocked, id=12132, stack(0x0000000019690000,0x0000000019790000)]
=>0x0000000017bbb800 JavaThread "JDWP Transport Listener: dt_socket" daemon [_thread_in_vm, id=2016, stack(0x0000000019240000,0x0000000019340000)]
  0x0000000017bb1800 JavaThread "Attach Listener" daemon [_thread_blocked, id=13516, stack(0x0000000019140000,0x0000000019240000)]
  0x0000000017bb0000 JavaThread "Signal Dispatcher" daemon [_thread_blocked, id=7876, stack(0x0000000019040000,0x0000000019140000)]
  0x000000000307c000 JavaThread "Finalizer" daemon [_thread_blocked, id=4004, stack(0x0000000018e30000,0x0000000018f30000)]
  0x0000000003073000 JavaThread "Reference Handler" daemon [_thread_blocked, id=13956, stack(0x0000000018d30000,0x0000000018e30000)]
  0x0000000002dae800 JavaThread "main" [_thread_blocked, id=11300, stack(0x0000000002c70000,0x0000000002d70000)]

Other Threads:
  0x0000000017b78000 VMThread [stack: 0x0000000018c30000,0x0000000018d30000] [id=8256]
  0x0000000019bdf800 WatcherThread [stack: 0x000000001a090000,0x000000001a190000] [id=10108]

VM state:not at safepoint (normal execution)

VM Mutex/Monitor currently owned by a thread: None

Heap:
 PSYoungGen      total 38400K, used 29501K [0x00000000d5f00000, 0x00000000d8980000, 0x0000000100000000)
  eden space 33280K, 88% used [0x00000000d5f00000,0x00000000d7bcf6a0,0x00000000d7f80000)
  from space 5120K, 0% used [0x00000000d8480000,0x00000000d8480000,0x00000000d8980000)
  to   space 5120K, 0% used [0x00000000d7f80000,0x00000000d7f80000,0x00000000d8480000)
 ParOldGen       total 87552K, used 0K [0x0000000081c00000, 0x0000000087180000, 0x00000000d5f00000)
  object space 87552K, 0% used [0x0000000081c00000,0x0000000081c00000,0x0000000087180000)
 Metaspace       used 10740K, capacity 10982K, committed 11264K, reserved 1058816K
  class space    used 1162K, capacity 1223K, committed 1280K, reserved 1048576K

Card table byte_map: [0x0000000012440000,0x0000000012840000] byte_map_base: 0x0000000012032000

Marking Bits: (ParMarkBitMap*) 0x000000007005a5b0
 Begin Bits: [0x0000000012ef0000, 0x0000000014e80000)
 End Bits:   [0x0000000014e80000, 0x0000000016e10000)

Polling page: 0x00000000016c0000

CodeCache: size=245760Kb used=4144Kb max_used=4168Kb free=241615Kb
 bounds [0x0000000003080000, 0x00000000034a0000, 0x0000000012080000]
 total_blobs=1499 nmethods=1151 adapters=269
 compilation: enabled

Compilation events (10 events):
Event: 10.251 Thread 0x0000000017bf5800 nmethod 1146 0x0000000003486a10 code [0x0000000003486b60, 0x0000000003486cf0]
Event: 10.251 Thread 0x0000000017bf5800 1147       3       sun.util.calendar.ZoneInfoFile$Checksum::update (39 bytes)
Event: 10.251 Thread 0x0000000017bf5800 nmethod 1147 0x0000000003486d90 code [0x0000000003486f00, 0x0000000003487210]
Event: 10.255 Thread 0x0000000017bf5800 1148   !   3       sun.misc.URLClassPath$JarLoader::checkResource (55 bytes)
Event: 10.256 Thread 0x0000000017bf5800 nmethod 1148 0x0000000003487550 code [0x0000000003487700, 0x0000000003487d68]
Event: 10.264 Thread 0x0000000017bf5800 1150       3       java.nio.Buffer::hasRemaining (17 bytes)
Event: 10.265 Thread 0x0000000017bf5800 nmethod 1150 0x00000000034884d0 code [0x0000000003488620, 0x00000000034887d0]
Event: 10.265 Thread 0x0000000017bf5800 1151       3       java.nio.ByteBuffer::array (35 bytes)
Event: 10.265 Thread 0x0000000017bf5800 nmethod 1151 0x0000000003488850 code [0x00000000034889e0, 0x0000000003488d18]
Event: 10.310 Thread 0x0000000017be6800 nmethod 1139 0x000000000348ed50 code [0x000000000348efa0, 0x0000000003492220]

GC Heap History (0 events):
No events

Deoptimization events (8 events):
Event: 0.606 Thread 0x0000000002dae800 Uncommon trap: reason=unstable_if action=reinterpret pc=0x0000000003217e74 method=java.lang.String.indexOf([CII[CIII)I @ 134
Event: 0.766 Thread 0x0000000002dae800 Uncommon trap: reason=unstable_if action=reinterpret pc=0x000000000327f63c method=java.util.HashMap.getNode(ILjava/lang/Object;)Ljava/util/HashMap$Node; @ 116
Event: 0.770 Thread 0x0000000002dae800 Uncommon trap: reason=unstable_if action=reinterpret pc=0x00000000032bc0a0 method=java.util.HashMap.getNode(ILjava/lang/Object;)Ljava/util/HashMap$Node; @ 116
Event: 0.779 Thread 0x0000000002dae800 Uncommon trap: reason=unstable_if action=reinterpret pc=0x00000000032b3d94 method=java.lang.CharacterDataLatin1.digit(II)I @ 82
Event: 1.092 Thread 0x0000000002dae800 Uncommon trap: reason=unstable_if action=reinterpret pc=0x00000000032b262c method=java.lang.CharacterDataLatin1.digit(II)I @ 82
Event: 1.339 Thread 0x0000000002dae800 Uncommon trap: reason=unstable_if action=reinterpret pc=0x000000000338d430 method=javassist.bytecode.LongVector.addElement(Ljavassist/bytecode/ConstInfo;)V @ 26
Event: 1.372 Thread 0x0000000002dae800 Uncommon trap: reason=unstable_if action=reinterpret pc=0x00000000032f41c0 method=java.io.ByteArrayInputStream.read()I @ 8
Event: 1.585 Thread 0x0000000002dae800 Uncommon trap: reason=unstable_if action=reinterpret pc=0x00000000034620f8 method=java.util.HashMap.resize()[Ljava/util/HashMap$Node; @ 56

Internal exceptions (9 events):
Event: 0.056 Thread 0x0000000002dae800 Exception <a 'java/lang/NoSuchMethodError': Method sun.misc.Unsafe.defineClass(Ljava/lang/String;[BII)Ljava/lang/Class; name or signature does not match> (0x00000000d5f0e360) thrown at [C:\workspace\8-2-build-windows-amd64-cygwin\jdk8u65\4987\hotspot\src\sð‰¹`t‘¬?
Event: 0.056 Thread 0x0000000002dae800 Exception <a 'java/lang/NoSuchMethodError': Method sun.misc.Unsafe.prefetchRead(Ljava/lang/Object;J)V name or signature does not match> (0x00000000d5f0e648) thrown at [C:\workspace\8-2-build-windows-amd64-cygwin\jdk8u65\4987\hotspot\src\share\vm\prims\jni.*}#Vürß?
Event: 0.491 Thread 0x0000000002dae800 Exception <a 'java/security/PrivilegedActionException'> (0x00000000d62d9558) thrown at [C:\workspace\8-2-build-windows-amd64-cygwin\jdk8u65\4987\hotspot\src\share\vm\prims\jvm.cpp, line 1386]
Event: 0.491 Thread 0x0000000002dae800 Exception <a 'java/security/PrivilegedActionException'> (0x00000000d62d9768) thrown at [C:\workspace\8-2-build-windows-amd64-cygwin\jdk8u65\4987\hotspot\src\share\vm\prims\jvm.cpp, line 1386]
Event: 0.492 Thread 0x0000000002dae800 Exception <a 'java/security/PrivilegedActionException'> (0x00000000d62dd5b0) thrown at [C:\workspace\8-2-build-windows-amd64-cygwin\jdk8u65\4987\hotspot\src\share\vm\prims\jvm.cpp, line 1386]
Event: 0.492 Thread 0x0000000002dae800 Exception <a 'java/security/PrivilegedActionException'> (0x00000000d62dd7c0) thrown at [C:\workspace\8-2-build-windows-amd64-cygwin\jdk8u65\4987\hotspot\src\share\vm\prims\jvm.cpp, line 1386]
Event: 0.568 Thread 0x0000000002dae800 Exception <a 'java/lang/NoSuchFieldError': method resolution failed> (0x00000000d649f198) thrown at [C:\workspace\8-2-build-windows-amd64-cygwin\jdk8u65\4987\hotspot\src\share\vm\prims\methodHandles.cpp, line 1146]
Event: 0.572 Thread 0x0000000002dae800 Exception <a 'java/lang/NoSuchFieldError': method resolution failed> (0x00000000d64ac8b8) thrown at [C:\workspace\8-2-build-windows-amd64-cygwin\jdk8u65\4987\hotspot\src\share\vm\prims\methodHandles.cpp, line 1146]
Event: 10.192 Thread 0x0000000002dae800 Exception <a 'java/net/SocketTimeoutException': Read timed out> (0x00000000d7a506b8) thrown at [C:\workspace\8-2-build-windows-amd64-cygwin\jdk8u65\4987\hotspot\src\share\vm\prims\jni.cpp, line 735]

Events (10 events):
Event: 4937.974 Executing VM operation: GetCurrentLocation
Event: 4937.975 Executing VM operation: GetCurrentLocation done
Event: 4937.975 Executing VM operation: EnterInterpOnlyMode
Event: 4937.975 Executing VM operation: EnterInterpOnlyMode done
Event: 4937.975 Executing VM operation: ChangeSingleStep
Event: 4937.975 Executing VM operation: ChangeSingleStep done
Event: 4937.975 Executing VM operation: ChangeSingleStep
Event: 4937.975 Executing VM operation: ChangeSingleStep done
Event: 4937.984 Executing VM operation: RedefineClasses
Event: 4937.990 Executing VM operation: RedefineClasses done


Dynamic libraries:
0x00007ff744910000 - 0x00007ff744947000 	C:\Program Files\Java\jdk1.8.0_65\bin\javaw.exe
0x00007ffd4b3b0000 - 0x00007ffd4b581000 	C:\WINDOWS\SYSTEM32\ntdll.dll
0x00007ffd48c60000 - 0x00007ffd48d0c000 	C:\WINDOWS\System32\KERNEL32.DLL
0x00007ffd23070000 - 0x00007ffd230a3000 	C:\Program Files\AVAST Software\Avast\x64\aswhooka.dll
0x00007ffd47890000 - 0x00007ffd47aad000 	C:\WINDOWS\System32\KERNELBASE.dll
0x00007ffd45bf0000 - 0x00007ffd45c6a000 	C:\WINDOWS\system32\apphelp.dll
0x00007ffd4a790000 - 0x00007ffd4a832000 	C:\WINDOWS\System32\ADVAPI32.dll
0x00007ffd48b40000 - 0x00007ffd48bde000 	C:\WINDOWS\System32\msvcrt.dll
0x00007ffd4b110000 - 0x00007ffd4b169000 	C:\WINDOWS\System32\sechost.dll
0x00007ffd48a10000 - 0x00007ffd48b31000 	C:\WINDOWS\System32\RPCRT4.dll
0x00007ffd4a840000 - 0x00007ffd4a9a5000 	C:\WINDOWS\System32\USER32.dll
0x00007ffd48900000 - 0x00007ffd4891e000 	C:\WINDOWS\System32\win32u.dll
0x00007ffd49230000 - 0x00007ffd49264000 	C:\WINDOWS\System32\GDI32.dll
0x00007ffd47c50000 - 0x00007ffd47dd0000 	C:\WINDOWS\System32\gdi32full.dll
0x00007ffd3b370000 - 0x00007ffd3b5ea000 	C:\WINDOWS\WinSxS\amd64_microsoft.windows.common-controls_6595b64144ccf1df_6.0.14393.953_none_42151e83c686086b\COMCTL32.dll
0x00007ffd4ac80000 - 0x00007ffd4af48000 	C:\WINDOWS\System32\combase.dll
0x00007ffd47f50000 - 0x00007ffd48045000 	C:\WINDOWS\System32\ucrtbase.dll
0x00007ffd47dd0000 - 0x00007ffd47e3a000 	C:\WINDOWS\System32\bcryptPrimitives.dll
0x00007ffd48920000 - 0x00007ffd4894e000 	C:\WINDOWS\System32\IMM32.DLL
0x000000006e810000 - 0x000000006e8e2000 	C:\Program Files\Java\jdk1.8.0_65\jre\bin\msvcr100.dll
0x000000006f850000 - 0x00000000700d9000 	C:\Program Files\Java\jdk1.8.0_65\jre\bin\server\jvm.dll
0x00007ffd4ab70000 - 0x00007ffd4ab78000 	C:\WINDOWS\System32\PSAPI.DLL
0x00007ffd39310000 - 0x00007ffd39319000 	C:\WINDOWS\SYSTEM32\WSOCK32.dll
0x00007ffd48d80000 - 0x00007ffd48dea000 	C:\WINDOWS\System32\WS2_32.dll
0x00007ffd45ad0000 - 0x00007ffd45af3000 	C:\WINDOWS\SYSTEM32\WINMM.dll
0x00007ffd3add0000 - 0x00007ffd3adda000 	C:\WINDOWS\SYSTEM32\VERSION.dll
0x00007ffd45aa0000 - 0x00007ffd45acb000 	C:\WINDOWS\SYSTEM32\WINMMBASE.dll
0x00007ffd47c00000 - 0x00007ffd47c42000 	C:\WINDOWS\System32\cfgmgr32.dll
0x000000006f840000 - 0x000000006f84f000 	C:\Program Files\Java\jdk1.8.0_65\jre\bin\verify.dll
0x000000006f810000 - 0x000000006f839000 	C:\Program Files\Java\jdk1.8.0_65\jre\bin\java.dll
0x000000006e9e0000 - 0x000000006ea15000 	C:\Program Files\Java\jdk1.8.0_65\jre\bin\jdwp.dll
0x000000006e9d0000 - 0x000000006e9d8000 	C:\Program Files\Java\jdk1.8.0_65\jre\bin\npt.dll
0x000000006e7e0000 - 0x000000006e803000 	C:\Program Files\Java\jdk1.8.0_65\jre\bin\instrument.dll
0x000000006f7f0000 - 0x000000006f806000 	C:\Program Files\Java\jdk1.8.0_65\jre\bin\zip.dll
0x00007ffd49280000 - 0x00007ffd4a788000 	C:\WINDOWS\System32\SHELL32.dll
0x00007ffd48220000 - 0x00007ffd488fa000 	C:\WINDOWS\System32\windows.storage.dll
0x00007ffd47840000 - 0x00007ffd4788c000 	C:\WINDOWS\System32\powrprof.dll
0x00007ffd4ab10000 - 0x00007ffd4ab62000 	C:\WINDOWS\System32\shlwapi.dll
0x00007ffd47800000 - 0x00007ffd4780f000 	C:\WINDOWS\System32\kernel.appcore.dll
0x00007ffd47ea0000 - 0x00007ffd47f49000 	C:\WINDOWS\System32\shcore.dll
0x00007ffd47820000 - 0x00007ffd47834000 	C:\WINDOWS\System32\profapi.dll
0x000000006e9c0000 - 0x000000006e9c9000 	C:\Program Files\Java\jdk1.8.0_65\jre\bin\dt_socket.dll
0x00007ffd45100000 - 0x00007ffd45118000 	C:\WINDOWS\system32\NLAapi.dll
0x00007ffd2f600000 - 0x00007ffd2f616000 	C:\WINDOWS\system32\napinsp.dll
0x00007ffd2f620000 - 0x00007ffd2f63a000 	C:\WINDOWS\system32\pnrpnsp.dll
0x00007ffd470d0000 - 0x00007ffd4712c000 	C:\WINDOWS\System32\mswsock.dll
0x00007ffd46ea0000 - 0x00007ffd46f41000 	C:\WINDOWS\SYSTEM32\DNSAPI.dll
0x00007ffd49270000 - 0x00007ffd49278000 	C:\WINDOWS\System32\NSI.dll
0x00007ffd46e50000 - 0x00007ffd46e88000 	C:\WINDOWS\SYSTEM32\IPHLPAPI.DLL
0x00007ffd31310000 - 0x00007ffd3131e000 	C:\WINDOWS\System32\winrnr.dll
0x00007ffd31320000 - 0x00007ffd31335000 	C:\WINDOWS\System32\wshbth.dll
0x0000000070510000 - 0x0000000070536000 	C:\Program Files\Bonjour\mdnsNSP.dll
0x00007ffd40fb0000 - 0x00007ffd4101a000 	C:\WINDOWS\System32\fwpuclnt.dll
0x00007ffd47740000 - 0x00007ffd4776b000 	C:\WINDOWS\SYSTEM32\bcrypt.dll
0x00007ffd3c860000 - 0x00007ffd3c86a000 	C:\Windows\System32\rasadhlp.dll
0x000000006ec60000 - 0x000000006ec84000 	C:\Program Files\Java\jdk1.8.0_65\jre\bin\sunec.dll
0x00007ffd47270000 - 0x00007ffd47287000 	C:\WINDOWS\SYSTEM32\CRYPTSP.dll
0x00007ffd46cd0000 - 0x00007ffd46d03000 	C:\WINDOWS\system32\rsaenh.dll
0x00007ffd46f50000 - 0x00007ffd46f6f000 	C:\WINDOWS\SYSTEM32\USERENV.dll
0x00007ffd47290000 - 0x00007ffd4729b000 	C:\WINDOWS\SYSTEM32\CRYPTBASE.dll
0x000000006f7d0000 - 0x000000006f7ea000 	C:\Program Files\Java\jdk1.8.0_65\jre\bin\net.dll
0x00007ffd41790000 - 0x00007ffd417a6000 	C:\WINDOWS\SYSTEM32\dhcpcsvc6.DLL
0x00007ffd41770000 - 0x00007ffd4178a000 	C:\WINDOWS\SYSTEM32\dhcpcsvc.DLL
0x000000006f7b0000 - 0x000000006f7c1000 	C:\Program Files\Java\jdk1.8.0_65\jre\bin\nio.dll
0x00007ffd39c80000 - 0x00007ffd39e12000 	C:\WINDOWS\SYSTEM32\dbghelp.dll

VM Arguments:
jvm_args: -agentlib:jdwp=transport=dt_socket,suspend=y,address=localhost:52464 -javaagent:C:\Users\igolus\workspace\smocker/smockerAgent/target/smockerAgent-0.0.1-SNAPSHOT.jar -Dfile.encoding=UTF-8 -Xbootclasspath/p:C:\Users\igolus\workspace\smocker\smockerAgent\target\classes;C:\Users\igolus\workspace\smocker\smockerAgent\target\test-classes;C:\Users\igolus\workspace\smocker\bootLibs\commons-io-2.5.jar;C:\Users\igolus\workspace\smocker\bootLibs\javassist-3.21.0-GA.jar 
java_command: com.mkyong.common.App
java_class_path (initial): C:\Users\igolus\workspace\smocker\RESTfulExample\target\classes;C:\Users\igolus\.m2\repository\org\jboss\resteasy\resteasy-jaxrs\2.2.1.GA\resteasy-jaxrs-2.2.1.GA.jar;C:\Users\igolus\.m2\repository\org\jboss\resteasy\jaxrs-api\2.2.1.GA\jaxrs-api-2.2.1.GA.jar;C:\Users\igolus\.m2\repository\org\scannotation\scannotation\1.0.3\scannotation-1.0.3.jar;C:\Users\igolus\.m2\repository\javassist\javassist\3.12.1.GA\javassist-3.12.1.GA.jar;C:\Users\igolus\.m2\repository\javax\annotation\jsr250-api\1.0\jsr250-api-1.0.jar;C:\Users\igolus\.m2\repository\javax\activation\activation\1.1\activation-1.1.jar;C:\Users\igolus\.m2\repository\commons-httpclient\commons-httpclient\3.1\commons-httpclient-3.1.jar;C:\Users\igolus\.m2\repository\commons-logging\commons-logging\1.0.4\commons-logging-1.0.4.jar;C:\Users\igolus\.m2\repository\commons-codec\commons-codec\1.2\commons-codec-1.2.jar;C:\Users\igolus\.m2\repository\org\apache\httpcomponents\httpclient\4.0.3\httpclient-4.0.3.jar;C:\Users\igolus\.m2\repository\org\apache\httpcomponents\httpcore\4.0.1\httpcore-4.0.1.jar;C:\Users\igolus\.m2\repository\net\jcip\jcip-annotations\1.0\jcip-annotations-1.0.jar;C:\Users\igolus\workspace\smocker/smockerAgent/target/smockerAgent-0.0.1-SNAPSHOT.jar
Launcher Type: SUN_STANDARD

Environment Variables:
JAVA_HOME=C:\Program Files\Java\jdk1.8.0_65
PATH=C:\Program Files\Java\jdk1.8.0_65\jre\bin;C:/Program Files/Java/jdk1.8.0_65/bin/../jre/bin/server;C:/Program Files/Java/jdk1.8.0_65/bin/../jre/bin;C:/Program Files/Java/jdk1.8.0_65/bin/../jre/lib/amd64;C:\Program Files\Java\jdk1.8.0_65\bin;C:\Java\apache-maven-3.3.9\bin;C:\ProgramData\Oracle\Java\javapath;C:\WINDOWS\system32;C:\WINDOWS;C:\WINDOWS\System32\Wbem;C:\WINDOWS\System32\WindowsPowerShell\v1.0\;C:\Program Files\Dell\DW WLAN Card\Driver;C:\Program Files\Microsoft\Web Platform Installer\;C:\Program Files (x86)\Microsoft ASP.NET\ASP.NET Web Pages\v1.0\;C:\Program Files (x86)\Windows Kits\8.0\Windows Performance Toolkit\;C:\Program Files\Microsoft SQL Server\110\Tools\Binn\;C:\Program Files (x86)\VisualSVN\bin;C:\Java\gradle-3.2\bin;C:\Program Files\Git\cmd;C:\Program Files\TortoiseSVN\bin;C:\Program Files\nodejs\;C:\Program Files (x86)\Skype\Phone\;C:\tools\curl;C:\ruby\Ruby23\bin;C:\Users\igolus\bin\Sencha\Cmd;C:\Users\igolus\AppData\Local\Microsoft\WindowsApps;C:\Users\igolus\AppData\Roaming\npm;C:\Users\igolus\AppData\Local\Apps\cURL\bin;C:\Program Files\Docker Toolbox;C:\Users\igolus\Desktop;
USERNAME=igolus
OS=Windows_NT
PROCESSOR_IDENTIFIER=Intel64 Family 6 Model 42 Stepping 7, GenuineIntel



---------------  S Y S T E M  ---------------

OS: Windows 10.0 , 64 bit Build 14393 (10.0.14393.1198)

CPU:total 4 (2 cores per cpu, 2 threads per core) family 6 model 42 stepping 7, cmov, cx8, fxsr, mmx, sse, sse2, sse3, ssse3, sse4.1, sse4.2, popcnt, avx, aes, clmul, ht, tsc, tscinvbit

Memory: 4k page, physical 8266644k(2856884k free), swap 16655252k(9140932k free)

vm_info: Java HotSpot(TM) 64-Bit Server VM (25.65-b01) for windows-amd64 JRE (1.8.0_65-b17), built on Oct  6 2015 16:39:20 by "java_re" with MS VC++ 10.0 (VS2010)

time: Fri Jul 14 19:14:27 2017
elapsed time: 4938 seconds (0d 1h 22m 18s)

